{
	"/home/sam/sam/movies-list/src/App.tsx": {
		"path": "/home/sam/sam/movies-list/src/App.tsx",
		"statementMap": {
			"0": {
				"start": { "line": 4, "column": 14 },
				"end": { "line": 4, "column": 18 }
			},
			"1": {
				"start": { "line": 6, "column": 1 },
				"end": { "line": 11, "column": 3 }
			}
		},
		"fnMap": {
			"0": {
				"name": "App",
				"decl": {
					"start": { "line": 3, "column": 9 },
					"end": { "line": 3, "column": 12 }
				},
				"loc": {
					"start": { "line": 3, "column": 15 },
					"end": { "line": 12, "column": 1 }
				},
				"line": 3
			}
		},
		"branchMap": {},
		"s": { "0": 1, "1": 1 },
		"f": { "0": 1 },
		"b": {},
		"_coverageSchema": "1a1c01bbd47fc00a2c39e90264f33305004495a9",
		"hash": "b27e7616ceeff96fbfd7efa7c6576fb85464581d"
	}
}
