{
	"/home/sam/sam/movies-list/src/App.tsx": {
		"path": "/home/sam/sam/movies-list/src/App.tsx",
		"statementMap": {
			"0": {
				"start": { "line": 8, "column": 1 },
				"end": { "line": 15, "column": 3 }
			}
		},
		"fnMap": {
			"0": {
				"name": "App",
				"decl": {
					"start": { "line": 7, "column": 9 },
					"end": { "line": 7, "column": 12 }
				},
				"loc": {
					"start": { "line": 7, "column": 15 },
					"end": { "line": 16, "column": 1 }
				},
				"line": 7
			}
		},
		"branchMap": {},
		"s": { "0": 0 },
		"f": { "0": 0 },
		"b": {}
	},
	"/home/sam/sam/movies-list/src/index.d.ts": {
		"path": "/home/sam/sam/movies-list/src/index.d.ts",
		"statementMap": {},
		"fnMap": {},
		"branchMap": {},
		"s": {},
		"f": {},
		"b": {}
	},
	"/home/sam/sam/movies-list/src/api/movies.ts": {
		"path": "/home/sam/sam/movies-list/src/api/movies.ts",
		"statementMap": {
			"0": {
				"start": { "line": 14, "column": 19 },
				"end": { "line": 134, "column": 1 }
			}
		},
		"fnMap": {},
		"branchMap": {},
		"s": { "0": 0 },
		"f": {},
		"b": {}
	},
	"/home/sam/sam/movies-list/src/components/icons/cross.icon.tsx": {
		"path": "/home/sam/sam/movies-list/src/components/icons/cross.icon.tsx",
		"statementMap": {
			"0": {
				"start": { "line": 7, "column": 39 },
				"end": { "line": 24, "column": 1 }
			},
			"1": {
				"start": { "line": 8, "column": 1 },
				"end": { "line": 23, "column": 10 }
			}
		},
		"fnMap": {
			"0": {
				"name": "(anonymous_0)",
				"decl": {
					"start": { "line": 7, "column": 39 },
					"end": { "line": 7, "column": 40 }
				},
				"loc": {
					"start": { "line": 8, "column": 1 },
					"end": { "line": 23, "column": 10 }
				},
				"line": 8
			}
		},
		"branchMap": {},
		"s": { "0": 1, "1": 0 },
		"f": { "0": 0 },
		"b": {},
		"_coverageSchema": "1a1c01bbd47fc00a2c39e90264f33305004495a9",
		"hash": "16e38fb1f6d5df595ae1a4ace0aa545db60a8807"
	},
	"/home/sam/sam/movies-list/src/components/icons/tick.icon.tsx": {
		"path": "/home/sam/sam/movies-list/src/components/icons/tick.icon.tsx",
		"statementMap": {
			"0": {
				"start": { "line": 3, "column": 17 },
				"end": { "line": 23, "column": 1 }
			},
			"1": {
				"start": { "line": 4, "column": 1 },
				"end": { "line": 22, "column": 7 }
			}
		},
		"fnMap": {
			"0": {
				"name": "(anonymous_0)",
				"decl": {
					"start": { "line": 3, "column": 17 },
					"end": { "line": 3, "column": 18 }
				},
				"loc": {
					"start": { "line": 4, "column": 1 },
					"end": { "line": 22, "column": 7 }
				},
				"line": 4
			}
		},
		"branchMap": {},
		"s": { "0": 1, "1": 1 },
		"f": { "0": 1 },
		"b": {},
		"_coverageSchema": "1a1c01bbd47fc00a2c39e90264f33305004495a9",
		"hash": "849222556546c8eacc8d51418190762cc508b87e"
	},
	"/home/sam/sam/movies-list/src/components/image/image.component.tsx": {
		"path": "/home/sam/sam/movies-list/src/components/image/image.component.tsx",
		"statementMap": {
			"0": {
				"start": { "line": 12, "column": 41 },
				"end": { "line": 32, "column": 1 }
			},
			"1": {
				"start": { "line": 21, "column": 1 },
				"end": { "line": 31, "column": 11 }
			},
			"2": {
				"start": { "line": 34, "column": 0 },
				"end": { "line": 36, "column": 2 }
			}
		},
		"fnMap": {
			"0": {
				"name": "(anonymous_0)",
				"decl": {
					"start": { "line": 12, "column": 41 },
					"end": { "line": 12, "column": 42 }
				},
				"loc": {
					"start": { "line": 21, "column": 1 },
					"end": { "line": 31, "column": 11 }
				},
				"line": 21
			}
		},
		"branchMap": {
			"0": {
				"loc": {
					"start": { "line": 15, "column": 1 },
					"end": { "line": 15, "column": 20 }
				},
				"type": "default-arg",
				"locations": [
					{
						"start": { "line": 15, "column": 8 },
						"end": { "line": 15, "column": 20 }
					}
				],
				"line": 15
			}
		},
		"s": { "0": 1, "1": 3, "2": 1 },
		"f": { "0": 3 },
		"b": { "0": [0] },
		"_coverageSchema": "1a1c01bbd47fc00a2c39e90264f33305004495a9",
		"hash": "3e33d7584a156727603e249d6f8b8d35a8d0d2bc"
	},
	"/home/sam/sam/movies-list/src/components/modal/modal.component.tsx": {
		"path": "/home/sam/sam/movies-list/src/components/modal/modal.component.tsx",
		"statementMap": {
			"0": {
				"start": { "line": 10, "column": 31 },
				"end": { "line": 32, "column": 1 }
			},
			"1": {
				"start": { "line": 11, "column": 32 },
				"end": { "line": 13, "column": 2 }
			},
			"2": {
				"start": { "line": 12, "column": 2 },
				"end": { "line": 12, "column": 22 }
			},
			"3": {
				"start": { "line": 14, "column": 1 },
				"end": { "line": 31, "column": 3 }
			}
		},
		"fnMap": {
			"0": {
				"name": "(anonymous_0)",
				"decl": {
					"start": { "line": 10, "column": 31 },
					"end": { "line": 10, "column": 32 }
				},
				"loc": {
					"start": { "line": 10, "column": 66 },
					"end": { "line": 32, "column": 1 }
				},
				"line": 10
			},
			"1": {
				"name": "(anonymous_1)",
				"decl": {
					"start": { "line": 11, "column": 32 },
					"end": { "line": 11, "column": 33 }
				},
				"loc": {
					"start": { "line": 11, "column": 73 },
					"end": { "line": 13, "column": 2 }
				},
				"line": 11
			}
		},
		"branchMap": {},
		"s": { "0": 1, "1": 0, "2": 0, "3": 0 },
		"f": { "0": 0, "1": 0 },
		"b": {},
		"_coverageSchema": "1a1c01bbd47fc00a2c39e90264f33305004495a9",
		"hash": "3d606233cbf1bcb4d2d803c01b35bff854c25c0a"
	},
	"/home/sam/sam/movies-list/src/components/movie-card/director-modal-content.component.tsx": {
		"path": "/home/sam/sam/movies-list/src/components/movie-card/director-modal-content.component.tsx",
		"statementMap": {
			"0": {
				"start": { "line": 5, "column": 44 },
				"end": { "line": 16, "column": 1 }
			},
			"1": {
				"start": { "line": 6, "column": 1 },
				"end": { "line": 15, "column": 7 }
			}
		},
		"fnMap": {
			"0": {
				"name": "(anonymous_0)",
				"decl": {
					"start": { "line": 5, "column": 44 },
					"end": { "line": 5, "column": 45 }
				},
				"loc": {
					"start": { "line": 6, "column": 1 },
					"end": { "line": 15, "column": 7 }
				},
				"line": 6
			}
		},
		"branchMap": {},
		"s": { "0": 1, "1": 0 },
		"f": { "0": 0 },
		"b": {},
		"_coverageSchema": "1a1c01bbd47fc00a2c39e90264f33305004495a9",
		"hash": "b6542981276c5c2ed5b6fbc267b206cabac5477c"
	},
	"/home/sam/sam/movies-list/src/components/movie-card/movie-card.component.tsx": {
		"path": "/home/sam/sam/movies-list/src/components/movie-card/movie-card.component.tsx",
		"statementMap": {
			"0": {
				"start": { "line": 12, "column": 35 },
				"end": { "line": 74, "column": 1 }
			},
			"1": {
				"start": { "line": 13, "column": 18 },
				"end": { "line": 13, "column": 29 }
			},
			"2": {
				"start": { "line": 14, "column": 25 },
				"end": { "line": 14, "column": 40 }
			},
			"3": {
				"start": { "line": 16, "column": 22 },
				"end": { "line": 18, "column": 2 }
			},
			"4": {
				"start": { "line": 17, "column": 2 },
				"end": { "line": 17, "column": 27 }
			},
			"5": {
				"start": { "line": 17, "column": 20 },
				"end": { "line": 17, "column": 25 }
			},
			"6": {
				"start": { "line": 24, "column": 22 },
				"end": { "line": 24, "column": 64 }
			},
			"7": {
				"start": { "line": 26, "column": 1 },
				"end": { "line": 73, "column": 3 }
			},
			"8": {
				"start": { "line": 57, "column": 21 },
				"end": { "line": 57, "column": 34 }
			}
		},
		"fnMap": {
			"0": {
				"name": "(anonymous_0)",
				"decl": {
					"start": { "line": 12, "column": 35 },
					"end": { "line": 12, "column": 36 }
				},
				"loc": {
					"start": { "line": 12, "column": 49 },
					"end": { "line": 74, "column": 1 }
				},
				"line": 12
			},
			"1": {
				"name": "(anonymous_1)",
				"decl": {
					"start": { "line": 16, "column": 22 },
					"end": { "line": 16, "column": 23 }
				},
				"loc": {
					"start": { "line": 16, "column": 28 },
					"end": { "line": 18, "column": 2 }
				},
				"line": 16
			},
			"2": {
				"name": "(anonymous_2)",
				"decl": {
					"start": { "line": 17, "column": 10 },
					"end": { "line": 17, "column": 11 }
				},
				"loc": {
					"start": { "line": 17, "column": 20 },
					"end": { "line": 17, "column": 25 }
				},
				"line": 17
			},
			"3": {
				"name": "(anonymous_3)",
				"decl": {
					"start": { "line": 57, "column": 15 },
					"end": { "line": 57, "column": 16 }
				},
				"loc": {
					"start": { "line": 57, "column": 21 },
					"end": { "line": 57, "column": 34 }
				},
				"line": 57
			}
		},
		"branchMap": {
			"0": {
				"loc": {
					"start": { "line": 24, "column": 22 },
					"end": { "line": 24, "column": 64 }
				},
				"type": "cond-expr",
				"locations": [
					{
						"start": { "line": 24, "column": 43 },
						"end": { "line": 24, "column": 46 }
					},
					{
						"start": { "line": 24, "column": 49 },
						"end": { "line": 24, "column": 64 }
					}
				],
				"line": 24
			},
			"1": {
				"loc": {
					"start": { "line": 30, "column": 5 },
					"end": { "line": 30, "column": 34 }
				},
				"type": "cond-expr",
				"locations": [
					{
						"start": { "line": 30, "column": 12 },
						"end": { "line": 30, "column": 14 }
					},
					{
						"start": { "line": 30, "column": 17 },
						"end": { "line": 30, "column": 34 }
					}
				],
				"line": 30
			},
			"2": {
				"loc": {
					"start": { "line": 63, "column": 4 },
					"end": { "line": 71, "column": 4 }
				},
				"type": "binary-expr",
				"locations": [
					{
						"start": { "line": 63, "column": 4 },
						"end": { "line": 63, "column": 8 }
					},
					{
						"start": { "line": 64, "column": 4 },
						"end": { "line": 70, "column": 12 }
					}
				],
				"line": 63
			}
		},
		"s": {
			"0": 1,
			"1": 3,
			"2": 3,
			"3": 3,
			"4": 0,
			"5": 0,
			"6": 3,
			"7": 3,
			"8": 0
		},
		"f": { "0": 3, "1": 0, "2": 0, "3": 0 },
		"b": { "0": [0, 3], "1": [0, 3], "2": [3, 0] },
		"_coverageSchema": "1a1c01bbd47fc00a2c39e90264f33305004495a9",
		"hash": "d1c157f198f40487c4c073e1fdb0f6c116d32a91"
	},
	"/home/sam/sam/movies-list/src/components/toast/toast.component.tsx": {
		"path": "/home/sam/sam/movies-list/src/components/toast/toast.component.tsx",
		"statementMap": {
			"0": {
				"start": { "line": 6, "column": 14 },
				"end": { "line": 24, "column": 1 }
			},
			"1": {
				"start": { "line": 7, "column": 19 },
				"end": { "line": 7, "column": 29 }
			},
			"2": {
				"start": { "line": 9, "column": 1 },
				"end": { "line": 23, "column": 3 }
			}
		},
		"fnMap": {
			"0": {
				"name": "(anonymous_0)",
				"decl": {
					"start": { "line": 6, "column": 14 },
					"end": { "line": 6, "column": 15 }
				},
				"loc": {
					"start": { "line": 6, "column": 20 },
					"end": { "line": 24, "column": 1 }
				},
				"line": 6
			}
		},
		"branchMap": {},
		"s": { "0": 1, "1": 1, "2": 1 },
		"f": { "0": 1 },
		"b": {},
		"_coverageSchema": "1a1c01bbd47fc00a2c39e90264f33305004495a9",
		"hash": "6866202b1faef07afb88e1417dd66f17c2a06245"
	},
	"/home/sam/sam/movies-list/src/context/toast.context.tsx": {
		"path": "/home/sam/sam/movies-list/src/context/toast.context.tsx",
		"statementMap": {
			"0": {
				"start": { "line": 16, "column": 28 },
				"end": { "line": 19, "column": 2 }
			},
			"1": {
				"start": { "line": 25, "column": 41 },
				"end": { "line": 52, "column": 1 }
			},
			"2": {
				"start": { "line": 26, "column": 27 },
				"end": { "line": 26, "column": 42 }
			},
			"3": {
				"start": { "line": 28, "column": 21 },
				"end": { "line": 30, "column": 2 }
			},
			"4": {
				"start": { "line": 29, "column": 2 },
				"end": { "line": 29, "column": 17 }
			},
			"5": {
				"start": { "line": 32, "column": 1 },
				"end": { "line": 40, "column": 13 }
			},
			"6": {
				"start": { "line": 33, "column": 19 },
				"end": { "line": 35, "column": 10 }
			},
			"7": {
				"start": { "line": 34, "column": 3 },
				"end": { "line": 34, "column": 19 }
			},
			"8": {
				"start": { "line": 37, "column": 2 },
				"end": { "line": 39, "column": 4 }
			},
			"9": {
				"start": { "line": 38, "column": 3 },
				"end": { "line": 38, "column": 27 }
			},
			"10": {
				"start": { "line": 42, "column": 22 },
				"end": { "line": 45, "column": 2 }
			},
			"11": {
				"start": { "line": 43, "column": 9 },
				"end": { "line": 43, "column": 31 }
			},
			"12": {
				"start": { "line": 47, "column": 1 },
				"end": { "line": 51, "column": 3 }
			}
		},
		"fnMap": {
			"0": {
				"name": "(anonymous_0)",
				"decl": {
					"start": { "line": 18, "column": 14 },
					"end": { "line": 18, "column": 15 }
				},
				"loc": {
					"start": { "line": 18, "column": 20 },
					"end": { "line": 18, "column": 22 }
				},
				"line": 18
			},
			"1": {
				"name": "(anonymous_1)",
				"decl": {
					"start": { "line": 25, "column": 41 },
					"end": { "line": 25, "column": 42 }
				},
				"loc": {
					"start": { "line": 25, "column": 59 },
					"end": { "line": 52, "column": 1 }
				},
				"line": 25
			},
			"2": {
				"name": "(anonymous_2)",
				"decl": {
					"start": { "line": 28, "column": 21 },
					"end": { "line": 28, "column": 22 }
				},
				"loc": {
					"start": { "line": 28, "column": 27 },
					"end": { "line": 30, "column": 2 }
				},
				"line": 28
			},
			"3": {
				"name": "(anonymous_3)",
				"decl": {
					"start": { "line": 32, "column": 11 },
					"end": { "line": 32, "column": 12 }
				},
				"loc": {
					"start": { "line": 32, "column": 17 },
					"end": { "line": 40, "column": 2 }
				},
				"line": 32
			},
			"4": {
				"name": "(anonymous_4)",
				"decl": {
					"start": { "line": 33, "column": 30 },
					"end": { "line": 33, "column": 31 }
				},
				"loc": {
					"start": { "line": 33, "column": 36 },
					"end": { "line": 35, "column": 3 }
				},
				"line": 33
			},
			"5": {
				"name": "(anonymous_5)",
				"decl": {
					"start": { "line": 37, "column": 9 },
					"end": { "line": 37, "column": 10 }
				},
				"loc": {
					"start": { "line": 37, "column": 15 },
					"end": { "line": 39, "column": 3 }
				},
				"line": 37
			},
			"6": {
				"name": "(anonymous_6)",
				"decl": {
					"start": { "line": 43, "column": 2 },
					"end": { "line": 43, "column": 3 }
				},
				"loc": {
					"start": { "line": 43, "column": 9 },
					"end": { "line": 43, "column": 31 }
				},
				"line": 43
			}
		},
		"branchMap": {},
		"s": {
			"0": 1,
			"1": 1,
			"2": 0,
			"3": 0,
			"4": 0,
			"5": 0,
			"6": 0,
			"7": 0,
			"8": 0,
			"9": 0,
			"10": 0,
			"11": 0,
			"12": 0
		},
		"f": { "0": 0, "1": 0, "2": 0, "3": 0, "4": 0, "5": 0, "6": 0 },
		"b": {},
		"_coverageSchema": "1a1c01bbd47fc00a2c39e90264f33305004495a9",
		"hash": "fda650f7db903aaa0560150e8ad30c6842800c55"
	},
	"/home/sam/sam/movies-list/src/hooks/useToast.hook.ts": {
		"path": "/home/sam/sam/movies-list/src/hooks/useToast.hook.ts",
		"statementMap": {
			"0": {
				"start": { "line": 4, "column": 17 },
				"end": { "line": 4, "column": 47 }
			},
			"1": {
				"start": { "line": 4, "column": 23 },
				"end": { "line": 4, "column": 47 }
			}
		},
		"fnMap": {
			"0": {
				"name": "(anonymous_0)",
				"decl": {
					"start": { "line": 4, "column": 17 },
					"end": { "line": 4, "column": 18 }
				},
				"loc": {
					"start": { "line": 4, "column": 23 },
					"end": { "line": 4, "column": 47 }
				},
				"line": 4
			}
		},
		"branchMap": {},
		"s": { "0": 1, "1": 1 },
		"f": { "0": 1 },
		"b": {},
		"_coverageSchema": "1a1c01bbd47fc00a2c39e90264f33305004495a9",
		"hash": "ac30847fda1b641aa4c49cb9289086f838c980c9"
	},
	"/home/sam/sam/movies-list/src/layout/error-boundary.layout.tsx": {
		"path": "/home/sam/sam/movies-list/src/layout/error-boundary.layout.tsx",
		"statementMap": {
			"0": {
				"start": { "line": 15, "column": 16 },
				"end": { "line": 17, "column": 2 }
			},
			"1": {
				"start": { "line": 21, "column": 2 },
				"end": { "line": 21, "column": 28 }
			},
			"2": {
				"start": { "line": 26, "column": 2 },
				"end": { "line": 26, "column": 53 }
			},
			"3": {
				"start": { "line": 30, "column": 2 },
				"end": { "line": 36, "column": 3 }
			},
			"4": {
				"start": { "line": 31, "column": 3 },
				"end": { "line": 35, "column": 5 }
			},
			"5": {
				"start": { "line": 38, "column": 2 },
				"end": { "line": 38, "column": 29 }
			}
		},
		"fnMap": {
			"0": {
				"name": "(anonymous_0)",
				"decl": {
					"start": { "line": 19, "column": 1 },
					"end": { "line": 19, "column": 2 }
				},
				"loc": {
					"start": { "line": 19, "column": 42 },
					"end": { "line": 22, "column": 2 }
				},
				"line": 19
			},
			"1": {
				"name": "(anonymous_1)",
				"decl": {
					"start": { "line": 24, "column": 1 },
					"end": { "line": 24, "column": 2 }
				},
				"loc": {
					"start": { "line": 24, "column": 55 },
					"end": { "line": 27, "column": 2 }
				},
				"line": 24
			},
			"2": {
				"name": "(anonymous_2)",
				"decl": {
					"start": { "line": 29, "column": 1 },
					"end": { "line": 29, "column": 2 }
				},
				"loc": {
					"start": { "line": 29, "column": 10 },
					"end": { "line": 39, "column": 2 }
				},
				"line": 29
			}
		},
		"branchMap": {
			"0": {
				"loc": {
					"start": { "line": 30, "column": 2 },
					"end": { "line": 36, "column": 3 }
				},
				"type": "if",
				"locations": [
					{
						"start": { "line": 30, "column": 2 },
						"end": { "line": 36, "column": 3 }
					},
					{ "start": {}, "end": {} }
				],
				"line": 30
			}
		},
		"s": { "0": 0, "1": 0, "2": 0, "3": 0, "4": 0, "5": 0 },
		"f": { "0": 0, "1": 0, "2": 0 },
		"b": { "0": [0, 0] }
	},
	"/home/sam/sam/movies-list/src/layout/home.layout.tsx": {
		"path": "/home/sam/sam/movies-list/src/layout/home.layout.tsx",
		"statementMap": {
			"0": {
				"start": { "line": 5, "column": 1 },
				"end": { "line": 9, "column": 3 }
			}
		},
		"fnMap": {
			"0": {
				"name": "HomeLayout",
				"decl": {
					"start": { "line": 4, "column": 9 },
					"end": { "line": 4, "column": 19 }
				},
				"loc": {
					"start": { "line": 4, "column": 22 },
					"end": { "line": 10, "column": 1 }
				},
				"line": 4
			}
		},
		"branchMap": {},
		"s": { "0": 0 },
		"f": { "0": 0 },
		"b": {}
	},
	"/home/sam/sam/movies-list/src/pages/home/index.page.tsx": {
		"path": "/home/sam/sam/movies-list/src/pages/home/index.page.tsx",
		"statementMap": {
			"0": {
				"start": { "line": 6, "column": 1 },
				"end": { "line": 12, "column": 3 }
			},
			"1": {
				"start": { "line": 9, "column": 4 },
				"end": { "line": 9, "column": 45 }
			}
		},
		"fnMap": {
			"0": {
				"name": "HomePage",
				"decl": {
					"start": { "line": 5, "column": 9 },
					"end": { "line": 5, "column": 17 }
				},
				"loc": {
					"start": { "line": 5, "column": 20 },
					"end": { "line": 13, "column": 1 }
				},
				"line": 5
			},
			"1": {
				"name": "(anonymous_1)",
				"decl": {
					"start": { "line": 8, "column": 19 },
					"end": { "line": 8, "column": 20 }
				},
				"loc": {
					"start": { "line": 9, "column": 4 },
					"end": { "line": 9, "column": 45 }
				},
				"line": 9
			}
		},
		"branchMap": {},
		"s": { "0": 0, "1": 0 },
		"f": { "0": 0, "1": 0 },
		"b": {}
	},
	"/home/sam/sam/movies-list/src/pages/movies-details/index.page.tsx": {
		"path": "/home/sam/sam/movies-list/src/pages/movies-details/index.page.tsx",
		"statementMap": {
			"0": {
				"start": { "line": 8, "column": 25 },
				"end": { "line": 41, "column": 1 }
			},
			"1": {
				"start": { "line": 9, "column": 18 },
				"end": { "line": 9, "column": 29 }
			},
			"2": {
				"start": { "line": 11, "column": 25 },
				"end": { "line": 11, "column": 35 }
			},
			"3": {
				"start": { "line": 13, "column": 22 },
				"end": { "line": 13, "column": 77 }
			},
			"4": {
				"start": { "line": 13, "column": 57 },
				"end": { "line": 13, "column": 76 }
			},
			"5": {
				"start": { "line": 15, "column": 29 },
				"end": { "line": 17, "column": 2 }
			},
			"6": {
				"start": { "line": 16, "column": 2 },
				"end": { "line": 16, "column": 16 }
			},
			"7": {
				"start": { "line": 19, "column": 1 },
				"end": { "line": 21, "column": 2 }
			},
			"8": {
				"start": { "line": 20, "column": 2 },
				"end": { "line": 20, "column": 33 }
			},
			"9": {
				"start": { "line": 23, "column": 1 },
				"end": { "line": 40, "column": 3 }
			}
		},
		"fnMap": {
			"0": {
				"name": "(anonymous_0)",
				"decl": {
					"start": { "line": 8, "column": 25 },
					"end": { "line": 8, "column": 26 }
				},
				"loc": {
					"start": { "line": 8, "column": 31 },
					"end": { "line": 41, "column": 1 }
				},
				"line": 8
			},
			"1": {
				"name": "(anonymous_1)",
				"decl": {
					"start": { "line": 13, "column": 38 },
					"end": { "line": 13, "column": 39 }
				},
				"loc": {
					"start": { "line": 13, "column": 57 },
					"end": { "line": 13, "column": 76 }
				},
				"line": 13
			},
			"2": {
				"name": "(anonymous_2)",
				"decl": {
					"start": { "line": 15, "column": 29 },
					"end": { "line": 15, "column": 30 }
				},
				"loc": {
					"start": { "line": 15, "column": 35 },
					"end": { "line": 17, "column": 2 }
				},
				"line": 15
			}
		},
		"branchMap": {
			"0": {
				"loc": {
					"start": { "line": 19, "column": 1 },
					"end": { "line": 21, "column": 2 }
				},
				"type": "if",
				"locations": [
					{
						"start": { "line": 19, "column": 1 },
						"end": { "line": 21, "column": 2 }
					},
					{ "start": {}, "end": {} }
				],
				"line": 19
			}
		},
		"s": {
			"0": 0,
			"1": 0,
			"2": 0,
			"3": 0,
			"4": 0,
			"5": 0,
			"6": 0,
			"7": 0,
			"8": 0,
			"9": 0
		},
		"f": { "0": 0, "1": 0, "2": 0 },
		"b": { "0": [0, 0] }
	},
	"/home/sam/sam/movies-list/src/pages/page-not-found/page-not-found.page.tsx": {
		"path": "/home/sam/sam/movies-list/src/pages/page-not-found/page-not-found.page.tsx",
		"statementMap": {
			"0": {
				"start": { "line": 4, "column": 1 },
				"end": { "line": 11, "column": 3 }
			}
		},
		"fnMap": {
			"0": {
				"name": "PageNotFound",
				"decl": {
					"start": { "line": 3, "column": 9 },
					"end": { "line": 3, "column": 21 }
				},
				"loc": {
					"start": { "line": 3, "column": 24 },
					"end": { "line": 12, "column": 1 }
				},
				"line": 3
			}
		},
		"branchMap": {},
		"s": { "0": 0 },
		"f": { "0": 0 },
		"b": {}
	},
	"/home/sam/sam/movies-list/src/routes/index.tsx": {
		"path": "/home/sam/sam/movies-list/src/routes/index.tsx",
		"statementMap": {
			"0": {
				"start": { "line": 9, "column": 1 },
				"end": { "line": 17, "column": 3 }
			}
		},
		"fnMap": {
			"0": {
				"name": "AppRoute",
				"decl": {
					"start": { "line": 8, "column": 9 },
					"end": { "line": 8, "column": 17 }
				},
				"loc": {
					"start": { "line": 8, "column": 20 },
					"end": { "line": 18, "column": 1 }
				},
				"line": 8
			}
		},
		"branchMap": {},
		"s": { "0": 0 },
		"f": { "0": 0 },
		"b": {}
	},
	"/home/sam/sam/movies-list/src/types/movie.types.ts": {
		"path": "/home/sam/sam/movies-list/src/types/movie.types.ts",
		"statementMap": {},
		"fnMap": {},
		"branchMap": {},
		"s": {},
		"f": {},
		"b": {}
	}
}
